<?xml version="1.0" encoding="UTF-8"?>
<!-- Generated by org.testng.reporters.JUnitReportReporter -->
<testsuite skipped="0" hostname="DESKTOP-9ONQN37" name="com.test.Automation.orderplacingStuartWeitzman.orderplacingWithAMEX" tests="1" failures="0" timestamp="12 Apr 2019 07:45:25 GMT" time="96.398" errors="0">
  <testcase name="guestUsrOrderplacewithAMEX" time="96.398" classname="com.test.Automation.orderplacingStuartWeitzman.orderplacingWithAMEX"/>
</testsuite> <!-- com.test.Automation.orderplacingStuartWeitzman.orderplacingWithAMEX -->
