<?xml version="1.0" encoding="UTF-8"?>
<!-- Generated by org.testng.reporters.JUnitReportReporter -->
<testsuite skipped="0" hostname="DESKTOP-9ONQN37" name="com.test.Automation.orderplacingStuartWeitzman.orderplacingWithVISA" tests="1" failures="0" timestamp="12 Apr 2019 07:45:25 GMT" time="97.055" errors="0">
  <testcase name="guestUsrOrderplacewithVISA" time="97.055" classname="com.test.Automation.orderplacingStuartWeitzman.orderplacingWithVISA"/>
</testsuite> <!-- com.test.Automation.orderplacingStuartWeitzman.orderplacingWithVISA -->
