<?xml version="1.0" encoding="UTF-8"?>
<!-- Generated by org.testng.reporters.JUnitReportReporter -->
<testsuite skipped="0" hostname="DESKTOP-9ONQN37" name="com.test.Automation.orderplacingStuartWeitzman.registerWithSW" tests="1" failures="0" timestamp="11 Apr 2019 12:55:50 GMT" time="24.609" errors="0">
  <testcase name="Signup" time="24.609" classname="com.test.Automation.orderplacingStuartWeitzman.registerWithSW"/>
</testsuite> <!-- com.test.Automation.orderplacingStuartWeitzman.registerWithSW -->
