<?xml version="1.0" encoding="UTF-8"?>
<!-- Generated by org.testng.reporters.JUnitReportReporter -->
<testsuite skipped="0" hostname="DESKTOP-9ONQN37" name="com.test.Automation.orderplacingStuartWeitzman.LoginwithSW" tests="1" failures="0" timestamp="16 Apr 2019 07:16:23 GMT" time="0.356" errors="0">
  <testcase name="Login" time="0.356" classname="com.test.Automation.orderplacingStuartWeitzman.LoginwithSW"/>
</testsuite> <!-- com.test.Automation.orderplacingStuartWeitzman.LoginwithSW -->
