<?xml version="1.0" encoding="UTF-8"?>
<!-- Generated by org.testng.reporters.JUnitReportReporter -->
<testsuite skipped="0" hostname="DESKTOP-9ONQN37" name="com.test.Automation.orderplacingStuartWeitzman.orderplacingWithDISCOVER" tests="1" failures="0" timestamp="12 Apr 2019 06:58:35 GMT" time="72.302" errors="0">
  <testcase name="guestUsrOrderplacewithDISCOVER" time="72.302" classname="com.test.Automation.orderplacingStuartWeitzman.orderplacingWithDISCOVER"/>
</testsuite> <!-- com.test.Automation.orderplacingStuartWeitzman.orderplacingWithDISCOVER -->
