<?xml version="1.0" encoding="UTF-8"?>
<!-- Generated by org.testng.reporters.JUnitReportReporter -->
<testsuite skipped="0" hostname="DESKTOP-9ONQN37" name="com.test.Automation.orderplacingStuartWeitzman.OnlyLoging" tests="1" failures="0" timestamp="11 Apr 2019 14:25:27 GMT" time="8.246" errors="0">
  <testcase name="Login" time="8.246" classname="com.test.Automation.orderplacingStuartWeitzman.OnlyLoging"/>
</testsuite> <!-- com.test.Automation.orderplacingStuartWeitzman.OnlyLoging -->
