<?xml version="1.0" encoding="UTF-8"?>
<!-- Generated by org.testng.reporters.JUnitReportReporter -->
<testsuite skipped="0" hostname="DESKTOP-9ONQN37" name="com.test.Automation.orderplacingStuartWeitzman.orderplacingWithMC" tests="1" failures="0" timestamp="10 Apr 2019 21:05:42 GMT" time="77.877" errors="0">
  <testcase name="guestUsrOrderplacewithMC" time="77.877" classname="com.test.Automation.orderplacingStuartWeitzman.orderplacingWithMC"/>
</testsuite> <!-- com.test.Automation.orderplacingStuartWeitzman.orderplacingWithMC -->
