<?xml version="1.0" encoding="UTF-8"?>
<!-- Generated by org.testng.reporters.JUnitReportReporter -->
<testsuite hostname="DESKTOP-9ONQN37" name="CH.sel.FlipcartEx1" tests="1" failures="0" timestamp="12 Mar 2019 13:27:42 GMT" time="2.351" errors="0">
  <testcase name="Browser" time="2.351" classname="CH.sel.FlipcartEx1"/>
</testsuite> <!-- CH.sel.FlipcartEx1 -->
