<?xml version="1.0" encoding="UTF-8"?>
<!-- Generated by org.testng.reporters.JUnitReportReporter -->
<testsuite hostname="DESKTOP-9ONQN37" name="packag.Test3" tests="1" failures="0" timestamp="12 Mar 2019 12:54:18 GMT" time="5.475" errors="0">
  <testcase name="seleniumTest" time="5.475" classname="packag.Test3"/>
</testsuite> <!-- packag.Test3 -->
