<?xml version="1.0" encoding="UTF-8"?>
<!-- Generated by org.testng.reporters.JUnitReportReporter -->
<testsuite hostname="DESKTOP-9ONQN37" name="CH.sel.DSLR_Item" tests="1" failures="0" timestamp="13 Mar 2019 06:47:32 GMT" time="3.037" errors="0">
  <testcase name="Item_Detail" time="3.037" classname="CH.sel.DSLR_Item"/>
</testsuite> <!-- CH.sel.DSLR_Item -->
