<?xml version="1.0" encoding="UTF-8"?>
<!-- Generated by org.testng.reporters.JUnitReportReporter -->
<testsuite hostname="DESKTOP-9ONQN37" name="KATE.SPADE.Register" tests="1" failures="0" timestamp="31 Mar 2019 09:53:47 GMT" time="1.060" errors="0">
  <testcase name="Creat_Account" time="1.060" classname="KATE.SPADE.Register"/>
</testsuite> <!-- KATE.SPADE.Register -->
