<?xml version="1.0" encoding="UTF-8"?>
<!-- Generated by org.testng.reporters.JUnitReportReporter -->
<testsuite hostname="DESKTOP-9ONQN37" name="KATE.SPADE.checkout_Flow" tests="1" failures="0" timestamp="29 Mar 2019 11:27:10 GMT" time="3.371" errors="0">
  <testcase name="Selecting_Product" time="3.371" classname="KATE.SPADE.checkout_Flow"/>
</testsuite> <!-- KATE.SPADE.checkout_Flow -->
