<?xml version="1.0" encoding="UTF-8"?>
<!-- Generated by org.testng.reporters.JUnitReportReporter -->
<testsuite name="com.test.automation.uiAutomation.VerifyLogin" tests="1" time="9.554" ignored="0" failures="0" timestamp="15 Apr 2019 12:33:50 GMT" skipped="0" hostname="DESKTOP-9ONQN37" errors="0">
  <testcase name="firstTest" time="9.554" classname="com.test.automation.uiAutomation.VerifyLogin"/>
</testsuite> <!-- com.test.automation.uiAutomation.VerifyLogin -->
